✓ Loaded 1 blocks from p2.json
✓ Rebuilt balances from 1 blocks
============================================================
Starting Process P2
============================================================

Process P2: Server listening on port 9996
Process P2: Received PREPARE from P1
Current acceptor.prepare
bal: 0
self.BallotNum: -1
proposer_depth: 2
depth: 1
Sending response: {'type': 'PREPARE_PROMISE', 'from': 'P2', 'ballot_num': 0, 'accepted_ballot': -1, 'accepted_value': {}}
Process P2: Received ACCEPT from P1
Process P2: ACCEPTED ballot 0, value (full blockchain not just block): '{'blockchain': [{'sender_id': 'P1', 'receiver_id': 'P2', 'amount': 10, 'hash_pointer': '0000000000000000000000000000000000000000000000000000000000000000', 'nonce': '0vgj5w3ZB46MGI8z', 'hash_result': '90cd9df81b349bcb45cc43d9543a6de19f9c0bbc9877565c48b5e4e413a64cf3', 'tentative': False}, {'sender_id': 'P1', 'receiver_id': 'P2', 'amount': 10, 'hash_pointer': '562016e2d716b2123bfd43fcabccf81d8e247bbb64b277429e9645d7fceb51dc', 'nonce': 'Aeb1KaGF2K9nho7H', 'hash_result': '2bee451bab90d7b5699af1b93cffe934f54df70e75682ce81f45fa35f29be701', 'tentative': True}]}'
Process P2: Updating blockchain from length 1 to 2
✓ Rebuilt balances from 2 blocks
Process P2: Blockchain updated! New length: 2
✓ Blockchain saved to p2.json
Sending response: {'type': 'ACCEPT_ACCEPTED', 'from': 'P2', 'ballot_num': 0, 'accepted_value': {'blockchain': [{'sender_id': 'P1', 'receiver_id': 'P2', 'amount': 10, 'hash_pointer': '0000000000000000000000000000000000000000000000000000000000000000', 'nonce': '0vgj5w3ZB46MGI8z', 'hash_result': '90cd9df81b349bcb45cc43d9543a6de19f9c0bbc9877565c48b5e4e413a64cf3', 'tentative': False}, {'sender_id': 'P1', 'receiver_id': 'P2', 'amount': 10, 'hash_pointer': '562016e2d716b2123bfd43fcabccf81d8e247bbb64b277429e9645d7fceb51dc', 'nonce': 'Aeb1KaGF2K9nho7H', 'hash_result': '2bee451bab90d7b5699af1b93cffe934f54df70e75682ce81f45fa35f29be701', 'tentative': True}]}}
Process P2: Received DECISION from P1
Process P2: Processing DECISION from P1, ballot 0
Process P2: Updating blockchain from length 2 to 2
✓ Rebuilt balances from 2 blocks
Process P2: Blockchain updated! New length: 2
✓ Blockchain saved to p2.json
Process P2: Resetting proposer state and cancelling tasks
Process P2: Proposer reset complete
Process P2: Received PREPARE from P1
Current acceptor.prepare
bal: 0
self.BallotNum: -1
proposer_depth: 3
depth: 2
Sending response: {'type': 'PREPARE_PROMISE', 'from': 'P2', 'ballot_num': 0, 'accepted_ballot': -1, 'accepted_value': {}}
Process P2: Received transaction from master
Process P2: Proposing new block with transaction Transaction(sender_id='P2', receiver_id='P3', amount=10)
Process P2: Starting PREPARE with ballot 0
Process P2: Received ACCEPT from P1
Process P2: ACCEPTED ballot 0, value (full blockchain not just block): '{'blockchain': [{'sender_id': 'P1', 'receiver_id': 'P2', 'amount': 10, 'hash_pointer': '0000000000000000000000000000000000000000000000000000000000000000', 'nonce': '0vgj5w3ZB46MGI8z', 'hash_result': '90cd9df81b349bcb45cc43d9543a6de19f9c0bbc9877565c48b5e4e413a64cf3', 'tentative': False}, {'sender_id': 'P1', 'receiver_id': 'P2', 'amount': 10, 'hash_pointer': '562016e2d716b2123bfd43fcabccf81d8e247bbb64b277429e9645d7fceb51dc', 'nonce': 'Aeb1KaGF2K9nho7H', 'hash_result': '2bee451bab90d7b5699af1b93cffe934f54df70e75682ce81f45fa35f29be701', 'tentative': False}, {'sender_id': 'P1', 'receiver_id': 'P2', 'amount': 10, 'hash_pointer': '4a533ca14e8fdc9ec0b444a146e5779914f98c8502f96ddfc1d147142b42b130', 'nonce': '2lb4hTTEpH715apl', 'hash_result': 'e4f72b5aeb1caa6ff2ffec79e75cd4726a578a764f25bb2794182a096962b643', 'tentative': True}]}'
Process P2: Updating blockchain from length 2 to 3
✓ Rebuilt balances from 3 blocks
Process P2: Blockchain updated! New length: 3
✓ Blockchain saved to p2.json
Sending response: {'type': 'ACCEPT_ACCEPTED', 'from': 'P2', 'ballot_num': 0, 'accepted_value': {'blockchain': [{'sender_id': 'P1', 'receiver_id': 'P2', 'amount': 10, 'hash_pointer': '0000000000000000000000000000000000000000000000000000000000000000', 'nonce': '0vgj5w3ZB46MGI8z', 'hash_result': '90cd9df81b349bcb45cc43d9543a6de19f9c0bbc9877565c48b5e4e413a64cf3', 'tentative': False}, {'sender_id': 'P1', 'receiver_id': 'P2', 'amount': 10, 'hash_pointer': '562016e2d716b2123bfd43fcabccf81d8e247bbb64b277429e9645d7fceb51dc', 'nonce': 'Aeb1KaGF2K9nho7H', 'hash_result': '2bee451bab90d7b5699af1b93cffe934f54df70e75682ce81f45fa35f29be701', 'tentative': False}, {'sender_id': 'P1', 'receiver_id': 'P2', 'amount': 10, 'hash_pointer': '4a533ca14e8fdc9ec0b444a146e5779914f98c8502f96ddfc1d147142b42b130', 'nonce': '2lb4hTTEpH715apl', 'hash_result': 'e4f72b5aeb1caa6ff2ffec79e75cd4726a578a764f25bb2794182a096962b643', 'tentative': True}]}}
Process P2: Got promise #1 from P1
Process P2: Can't reach majority, stopping early
Process P2: PREPARE failed (1/2)
 Highest ballot received: 0
Process P2: Block proposal failed ❌❌❌
P2 out of loop, will wait 23.21858283596284
Current transaction queue deque([Transaction(sender_id='P2', receiver_id='P3', amount=10)])
Process P2: Received PREPARE from P3
Current acceptor.prepare
bal: 0
self.BallotNum: 0
proposer_depth: 3
depth: 3
Sending response: {'type': 'PREPARE_REJECT', 'from': 'P2', 'ballot_num': 0, 'promised_ballot': 0}
Process P2: Received PREPARE from P5
Current acceptor.prepare
bal: 0
self.BallotNum: 0
proposer_depth: 4
depth: 3
Sending response: {'type': 'PREPARE_REJECT', 'from': 'P2', 'ballot_num': 0, 'promised_ballot': 0}
Process P2: Received DECISION from P1
Process P2: Processing DECISION from P1, ballot 0
Process P2: Updating blockchain from length 3 to 3
✓ Rebuilt balances from 3 blocks
Process P2: Blockchain updated! New length: 3
✓ Blockchain saved to p2.json
Process P2: Resetting proposer state and cancelling tasks
Process P2: Proposer reset complete
Process P2: Proposing new block with transaction Transaction(sender_id='P2', receiver_id='P3', amount=10)
Process P2: Starting PREPARE with ballot 0
Process P2: Received PREPARE from P3
Current acceptor.prepare
bal: 0
self.BallotNum: -1
proposer_depth: 4
depth: 3
Sending response: {'type': 'PREPARE_PROMISE', 'from': 'P2', 'ballot_num': 0, 'accepted_ballot': -1, 'accepted_value': {}}
Process P2: Can't reach majority, stopping early
Process P2: PREPARE failed (0/2)
 Highest ballot received: 0
Process P2: Block proposal failed ❌❌❌
P2 out of loop, will wait 15.18164971997634
Current transaction queue deque([Transaction(sender_id='P2', receiver_id='P3', amount=10)])
Process P2: Received ACCEPT from P3
Process P2: ACCEPTED ballot 0, value (full blockchain not just block): '{'blockchain': [{'sender_id': 'P1', 'receiver_id': 'P2', 'amount': 10, 'hash_pointer': '0000000000000000000000000000000000000000000000000000000000000000', 'nonce': '0vgj5w3ZB46MGI8z', 'hash_result': '90cd9df81b349bcb45cc43d9543a6de19f9c0bbc9877565c48b5e4e413a64cf3', 'tentative': False}, {'sender_id': 'P1', 'receiver_id': 'P2', 'amount': 10, 'hash_pointer': '562016e2d716b2123bfd43fcabccf81d8e247bbb64b277429e9645d7fceb51dc', 'nonce': 'Aeb1KaGF2K9nho7H', 'hash_result': '2bee451bab90d7b5699af1b93cffe934f54df70e75682ce81f45fa35f29be701', 'tentative': False}, {'sender_id': 'P1', 'receiver_id': 'P2', 'amount': 10, 'hash_pointer': '4a533ca14e8fdc9ec0b444a146e5779914f98c8502f96ddfc1d147142b42b130', 'nonce': '2lb4hTTEpH715apl', 'hash_result': 'e4f72b5aeb1caa6ff2ffec79e75cd4726a578a764f25bb2794182a096962b643', 'tentative': False}, {'sender_id': 'P3', 'receiver_id': 'P4', 'amount': 10, 'hash_pointer': '1897964683b5a256276789a03f0205c84d1d4306ee0986a459d418b8b3c986ea', 'nonce': 'lWB3rLPlFiJw7nWw', 'hash_result': '4aa2d72085b33382659d9dc136b44cb1e1cacd6e37a30f96259e9e75d6ea3511', 'tentative': True}]}'
Process P2: Updating blockchain from length 3 to 4
✓ Rebuilt balances from 4 blocks
Process P2: Blockchain updated! New length: 4
✓ Blockchain saved to p2.json
Sending response: {'type': 'ACCEPT_ACCEPTED', 'from': 'P2', 'ballot_num': 0, 'accepted_value': {'blockchain': [{'sender_id': 'P1', 'receiver_id': 'P2', 'amount': 10, 'hash_pointer': '0000000000000000000000000000000000000000000000000000000000000000', 'nonce': '0vgj5w3ZB46MGI8z', 'hash_result': '90cd9df81b349bcb45cc43d9543a6de19f9c0bbc9877565c48b5e4e413a64cf3', 'tentative': False}, {'sender_id': 'P1', 'receiver_id': 'P2', 'amount': 10, 'hash_pointer': '562016e2d716b2123bfd43fcabccf81d8e247bbb64b277429e9645d7fceb51dc', 'nonce': 'Aeb1KaGF2K9nho7H', 'hash_result': '2bee451bab90d7b5699af1b93cffe934f54df70e75682ce81f45fa35f29be701', 'tentative': False}, {'sender_id': 'P1', 'receiver_id': 'P2', 'amount': 10, 'hash_pointer': '4a533ca14e8fdc9ec0b444a146e5779914f98c8502f96ddfc1d147142b42b130', 'nonce': '2lb4hTTEpH715apl', 'hash_result': 'e4f72b5aeb1caa6ff2ffec79e75cd4726a578a764f25bb2794182a096962b643', 'tentative': False}, {'sender_id': 'P3', 'receiver_id': 'P4', 'amount': 10, 'hash_pointer': '1897964683b5a256276789a03f0205c84d1d4306ee0986a459d418b8b3c986ea', 'nonce': 'lWB3rLPlFiJw7nWw', 'hash_result': '4aa2d72085b33382659d9dc136b44cb1e1cacd6e37a30f96259e9e75d6ea3511', 'tentative': True}]}}
Process P2: Received DECISION from P3
Process P2: Processing DECISION from P3, ballot 0
Process P2: Updating blockchain from length 4 to 4
✓ Rebuilt balances from 4 blocks
Process P2: Blockchain updated! New length: 4
✓ Blockchain saved to p2.json
Process P2: Resetting proposer state and cancelling tasks
Process P2: Proposer reset complete
Process P2: Proposing new block with transaction Transaction(sender_id='P2', receiver_id='P3', amount=10)
Process P2: Starting PREPARE with ballot 0
Process P2: Got promise #1 from P3
Process P2: Got promise #2 from P1
Process P2: Got majority (2/2)!
Process P2: PREPARE succeeded with 2 promises

☐☐☐☐☐☐☐☐☐☐☐☐☐☐☐☐☐☐☐☐☐☐☐☐☐☐☐
Created block:

☐☐☐☐☐☐☐☐☐☐☐☐☐☐☐☐☐☐☐☐☐☐☐☐☐☐☐
Transaction(sender_id='P2', receiver_id='P3', amount=10)
prev_block's address: 4319769392
hash_pointer: bc279bfdeb1e7daf68d8a38a69bfe2d39e0866305a9bc19873473b08d313c005
nonce: zIjXd26YdvRvopNz
hash w/ nonce: b2f9332e825a857a8af08e284287ac309266a4bef7e0d2feeb59a75a5b8b2f63
☐☐☐☐☐☐☐☐☐☐☐☐☐☐☐☐☐☐☐☐☐☐☐☐☐☐☐

☐☐☐☐☐☐☐☐☐☐☐☐☐☐☐☐☐☐☐☐☐☐☐☐☐☐☐☐

Created new block: 

☐☐☐☐☐☐☐☐☐☐☐☐☐☐☐☐☐☐☐☐☐☐☐☐☐☐☐
Transaction(sender_id='P2', receiver_id='P3', amount=10)
prev_block's address: 4319769392
hash_pointer: bc279bfdeb1e7daf68d8a38a69bfe2d39e0866305a9bc19873473b08d313c005
nonce: zIjXd26YdvRvopNz
hash w/ nonce: b2f9332e825a857a8af08e284287ac309266a4bef7e0d2feeb59a75a5b8b2f63
☐☐☐☐☐☐☐☐☐☐☐☐☐☐☐☐☐☐☐☐☐☐☐☐☐☐☐

Process P2: Starting ACCEPT with ballot 0, value '{'blockchain': [{'sender_id': 'P1', 'receiver_id': 'P2', 'amount': 10, 'hash_pointer': '0000000000000000000000000000000000000000000000000000000000000000', 'nonce': '0vgj5w3ZB46MGI8z', 'hash_result': '90cd9df81b349bcb45cc43d9543a6de19f9c0bbc9877565c48b5e4e413a64cf3', 'tentative': False}, {'sender_id': 'P1', 'receiver_id': 'P2', 'amount': 10, 'hash_pointer': '562016e2d716b2123bfd43fcabccf81d8e247bbb64b277429e9645d7fceb51dc', 'nonce': 'Aeb1KaGF2K9nho7H', 'hash_result': '2bee451bab90d7b5699af1b93cffe934f54df70e75682ce81f45fa35f29be701', 'tentative': False}, {'sender_id': 'P1', 'receiver_id': 'P2', 'amount': 10, 'hash_pointer': '4a533ca14e8fdc9ec0b444a146e5779914f98c8502f96ddfc1d147142b42b130', 'nonce': '2lb4hTTEpH715apl', 'hash_result': 'e4f72b5aeb1caa6ff2ffec79e75cd4726a578a764f25bb2794182a096962b643', 'tentative': False}, {'sender_id': 'P3', 'receiver_id': 'P4', 'amount': 10, 'hash_pointer': '1897964683b5a256276789a03f0205c84d1d4306ee0986a459d418b8b3c986ea', 'nonce': 'lWB3rLPlFiJw7nWw', 'hash_result': '4aa2d72085b33382659d9dc136b44cb1e1cacd6e37a30f96259e9e75d6ea3511', 'tentative': False}, {'sender_id': 'P2', 'receiver_id': 'P3', 'amount': 10, 'hash_pointer': 'bc279bfdeb1e7daf68d8a38a69bfe2d39e0866305a9bc19873473b08d313c005', 'nonce': 'zIjXd26YdvRvopNz', 'hash_result': 'b2f9332e825a857a8af08e284287ac309266a4bef7e0d2feeb59a75a5b8b2f63', 'tentative': True}]}'
Process P2: Got accepted #1 from P5
Process P2: Got accepted #2 from P3
Process P2: Got majority accepts (2/2)!
Process P2: ACCEPT succeeded with 2 accepts
Process P2: Sending DECISION messages with ballot 0
Process P2: Sent DECISION to P1
Process P2: Sent DECISION to P4
Process P2: Sent DECISION to P3
Process P2: Sent DECISION to P5
Process P2: All DECISION messages sent
Process P2: Block proposal succeeded! ✅✅✅
Process P2: Updating blockchain from length 4 to 5
✓ Rebuilt balances from 5 blocks
Process P2: Blockchain updated! New length: 5
✓ Blockchain saved to p2.json
Process P2: Resetting proposer state and cancelling tasks
Process P2: Proposer reset complete
Success in proposing loop
P2 out of loop, will wait 22.587332285163857
Current transaction queue deque([])
Queue is empty, returning
Process P2: Received PREPARE from P5
Current acceptor.prepare
bal: 0
self.BallotNum: -1
proposer_depth: 6
depth: 5
Sending response: {'type': 'PREPARE_PROMISE', 'from': 'P2', 'ballot_num': 0, 'accepted_ballot': -1, 'accepted_value': {}}
Process P2: Received ACCEPT from P5
Process P2: ACCEPTED ballot 0, value (full blockchain not just block): '{'blockchain': [{'sender_id': 'P1', 'receiver_id': 'P2', 'amount': 10, 'hash_pointer': '0000000000000000000000000000000000000000000000000000000000000000', 'nonce': '0vgj5w3ZB46MGI8z', 'hash_result': '90cd9df81b349bcb45cc43d9543a6de19f9c0bbc9877565c48b5e4e413a64cf3', 'tentative': False}, {'sender_id': 'P1', 'receiver_id': 'P2', 'amount': 10, 'hash_pointer': '562016e2d716b2123bfd43fcabccf81d8e247bbb64b277429e9645d7fceb51dc', 'nonce': 'Aeb1KaGF2K9nho7H', 'hash_result': '2bee451bab90d7b5699af1b93cffe934f54df70e75682ce81f45fa35f29be701', 'tentative': False}, {'sender_id': 'P1', 'receiver_id': 'P2', 'amount': 10, 'hash_pointer': '4a533ca14e8fdc9ec0b444a146e5779914f98c8502f96ddfc1d147142b42b130', 'nonce': '2lb4hTTEpH715apl', 'hash_result': 'e4f72b5aeb1caa6ff2ffec79e75cd4726a578a764f25bb2794182a096962b643', 'tentative': False}, {'sender_id': 'P3', 'receiver_id': 'P4', 'amount': 10, 'hash_pointer': '1897964683b5a256276789a03f0205c84d1d4306ee0986a459d418b8b3c986ea', 'nonce': 'lWB3rLPlFiJw7nWw', 'hash_result': '4aa2d72085b33382659d9dc136b44cb1e1cacd6e37a30f96259e9e75d6ea3511', 'tentative': False}, {'sender_id': 'P2', 'receiver_id': 'P3', 'amount': 10, 'hash_pointer': 'bc279bfdeb1e7daf68d8a38a69bfe2d39e0866305a9bc19873473b08d313c005', 'nonce': 'zIjXd26YdvRvopNz', 'hash_result': 'b2f9332e825a857a8af08e284287ac309266a4bef7e0d2feeb59a75a5b8b2f63', 'tentative': False}, {'sender_id': 'P5', 'receiver_id': 'P1', 'amount': 10, 'hash_pointer': 'caef3ac1ae663e55bf3cefca95fbee10ee7b54d9b5fe4bbb8cfc54ce67d47475', 'nonce': 'dRPYiIDqhJj3eTdl', 'hash_result': 'f8d3c45252166ce6d9ab628a5e8ec48bfd09b51cb579011335020fcb07eddc64', 'tentative': True}]}'
Process P2: Updating blockchain from length 5 to 6
✓ Rebuilt balances from 6 blocks
Process P2: Blockchain updated! New length: 6
✓ Blockchain saved to p2.json
Sending response: {'type': 'ACCEPT_ACCEPTED', 'from': 'P2', 'ballot_num': 0, 'accepted_value': {'blockchain': [{'sender_id': 'P1', 'receiver_id': 'P2', 'amount': 10, 'hash_pointer': '0000000000000000000000000000000000000000000000000000000000000000', 'nonce': '0vgj5w3ZB46MGI8z', 'hash_result': '90cd9df81b349bcb45cc43d9543a6de19f9c0bbc9877565c48b5e4e413a64cf3', 'tentative': False}, {'sender_id': 'P1', 'receiver_id': 'P2', 'amount': 10, 'hash_pointer': '562016e2d716b2123bfd43fcabccf81d8e247bbb64b277429e9645d7fceb51dc', 'nonce': 'Aeb1KaGF2K9nho7H', 'hash_result': '2bee451bab90d7b5699af1b93cffe934f54df70e75682ce81f45fa35f29be701', 'tentative': False}, {'sender_id': 'P1', 'receiver_id': 'P2', 'amount': 10, 'hash_pointer': '4a533ca14e8fdc9ec0b444a146e5779914f98c8502f96ddfc1d147142b42b130', 'nonce': '2lb4hTTEpH715apl', 'hash_result': 'e4f72b5aeb1caa6ff2ffec79e75cd4726a578a764f25bb2794182a096962b643', 'tentative': False}, {'sender_id': 'P3', 'receiver_id': 'P4', 'amount': 10, 'hash_pointer': '1897964683b5a256276789a03f0205c84d1d4306ee0986a459d418b8b3c986ea', 'nonce': 'lWB3rLPlFiJw7nWw', 'hash_result': '4aa2d72085b33382659d9dc136b44cb1e1cacd6e37a30f96259e9e75d6ea3511', 'tentative': False}, {'sender_id': 'P2', 'receiver_id': 'P3', 'amount': 10, 'hash_pointer': 'bc279bfdeb1e7daf68d8a38a69bfe2d39e0866305a9bc19873473b08d313c005', 'nonce': 'zIjXd26YdvRvopNz', 'hash_result': 'b2f9332e825a857a8af08e284287ac309266a4bef7e0d2feeb59a75a5b8b2f63', 'tentative': False}, {'sender_id': 'P5', 'receiver_id': 'P1', 'amount': 10, 'hash_pointer': 'caef3ac1ae663e55bf3cefca95fbee10ee7b54d9b5fe4bbb8cfc54ce67d47475', 'nonce': 'dRPYiIDqhJj3eTdl', 'hash_result': 'f8d3c45252166ce6d9ab628a5e8ec48bfd09b51cb579011335020fcb07eddc64', 'tentative': True}]}}
Process P2: Received DECISION from P5
Process P2: Processing DECISION from P5, ballot 0
Process P2: Updating blockchain from length 6 to 6
✓ Rebuilt balances from 6 blocks
Process P2: Blockchain updated! New length: 6
✓ Blockchain saved to p2.json
Process P2: Resetting proposer state and cancelling tasks
Process P2: Proposer reset complete
Process P2: Received print_balance from master
